2024-09-07 19:41:41,002 - INFO - [engine:_setup_logging] - Logger initialized. Logging to Archive/ClassicIL_ACTModel_Vanilla_20240907_194141/logs/train.log
2024-09-07 19:41:41,004 - INFO - [engine:_load_config] - Config loaded: Archive/ClassicIL_ACTModel_Vanilla_20240907_194141/config.yaml
2024-09-07 19:41:41,005 - INFO - [engine:__init__] - Engine initialized
2024-09-07 19:41:41,005 - INFO - [classic_IL:train] - Starting imitation learning training...
2024-09-07 19:41:41,005 - INFO - [classic_IL:_load_data] - Loading datasets...
2024-09-07 19:41:41,005 - INFO - [dataset_IL:create_data] - Extracting data from /data/gb/needle_pick_handoff_dataset_train/
2024-09-07 19:41:43,198 - INFO - [dataset_IL:apply_norm] - Normalizing the data
2024-09-07 19:41:43,232 - INFO - [dataset_IL:pad_data] - Padding the data
2024-09-07 19:41:43,234 - INFO - [dataset_IL:plot_distr] - Plotting the distribution of the logs
2024-09-07 19:41:44,647 - INFO - [dataset_IL:create_data] - Extracting data from /data/gb/needle_pick_handoff_dataset_val/
2024-09-07 19:41:44,850 - INFO - [dataset_IL:apply_norm] - Normalizing the data
2024-09-07 19:41:44,851 - INFO - [dataset_IL:pad_data] - Padding the data
2024-09-07 19:41:44,852 - INFO - [dataset_IL:plot_distr] - Plotting the distribution of the logs
2024-09-07 19:41:46,221 - INFO - [classic_IL:_load_data] - Training data: 24341 samples, Validation data: 1955 samples
2024-09-07 19:41:46,221 - INFO - [classic_IL:_setup_model] - Building the model...
2024-09-07 19:41:47,167 - INFO - [classic_IL:_setup_model] - Model: ACTModel, nb of parameters: 58411212
2024-09-07 19:41:47,167 - INFO - [classic_IL:_setup_training] - Setting up training parameters...
2024-09-07 19:41:47,168 - INFO - [classic_IL:train] - Epoch 1/100
2024-09-07 19:42:39,015 - INFO - [classic_IL:train] - Average training loss for epoch 1: 0.4298393077894146
2024-09-07 19:42:44,154 - INFO - [classic_IL:_evaluate] - Validation loss after epoch 1: 0.3235643438754543
2024-09-07 19:42:44,159 - INFO - [classic_IL:_evaluate] - New best model found! Validation loss improved from inf to 0.3235643438754543.
2024-09-07 19:42:44,159 - INFO - [engine:save_checkpoint] - Saving checkpoint at epoch 1: Archive/ClassicIL_ACTModel_Vanilla_20240907_194141/checkpoints/checkpoint_epoch_1.pth
2024-09-07 19:42:45,025 - INFO - [classic_IL:train] - Epoch 2/100
2024-09-07 19:43:39,357 - INFO - [classic_IL:train] - Average training loss for epoch 2: 0.14848924956218465
2024-09-07 19:43:44,500 - INFO - [classic_IL:_evaluate] - Validation loss after epoch 2: 0.2904720416953487
2024-09-07 19:43:44,504 - INFO - [classic_IL:_evaluate] - New best model found! Validation loss improved from 0.3235643438754543 to 0.2904720416953487.
2024-09-07 19:43:44,504 - INFO - [engine:save_checkpoint] - Saving checkpoint at epoch 2: Archive/ClassicIL_ACTModel_Vanilla_20240907_194141/checkpoints/checkpoint_epoch_2.pth
2024-09-07 19:43:45,359 - INFO - [classic_IL:train] - Epoch 3/100
2024-09-07 19:44:40,628 - INFO - [classic_IL:train] - Average training loss for epoch 3: 0.10045067021461922
2024-09-07 19:44:45,685 - INFO - [classic_IL:_evaluate] - Validation loss after epoch 3: 0.28225902924614565
2024-09-07 19:44:45,689 - INFO - [classic_IL:_evaluate] - New best model found! Validation loss improved from 0.2904720416953487 to 0.28225902924614565.
2024-09-07 19:44:45,689 - INFO - [engine:save_checkpoint] - Saving checkpoint at epoch 3: Archive/ClassicIL_ACTModel_Vanilla_20240907_194141/checkpoints/checkpoint_epoch_3.pth
2024-09-07 19:44:46,510 - INFO - [classic_IL:train] - Epoch 4/100
2024-09-07 19:45:41,437 - INFO - [classic_IL:train] - Average training loss for epoch 4: 0.08035106188434316
2024-09-07 19:45:46,542 - INFO - [classic_IL:_evaluate] - Validation loss after epoch 4: 0.26531420503893205
2024-09-07 19:45:46,548 - INFO - [classic_IL:_evaluate] - New best model found! Validation loss improved from 0.28225902924614565 to 0.26531420503893205.
2024-09-07 19:45:46,548 - INFO - [engine:save_checkpoint] - Saving checkpoint at epoch 4: Archive/ClassicIL_ACTModel_Vanilla_20240907_194141/checkpoints/checkpoint_epoch_4.pth
2024-09-07 19:45:47,412 - INFO - [classic_IL:train] - Epoch 5/100
2024-09-07 19:46:42,381 - INFO - [classic_IL:train] - Average training loss for epoch 5: 0.0695553969621189
2024-09-07 19:46:47,457 - INFO - [classic_IL:_evaluate] - Validation loss after epoch 5: 0.2645369215357688
2024-09-07 19:46:47,463 - INFO - [classic_IL:_evaluate] - New best model found! Validation loss improved from 0.26531420503893205 to 0.2645369215357688.
2024-09-07 19:46:47,463 - INFO - [engine:save_checkpoint] - Saving checkpoint at epoch 5: Archive/ClassicIL_ACTModel_Vanilla_20240907_194141/checkpoints/checkpoint_epoch_5.pth
2024-09-07 19:46:48,334 - INFO - [classic_IL:train] - Epoch 6/100
2024-09-07 19:47:43,433 - INFO - [classic_IL:train] - Average training loss for epoch 6: 0.06183178726769495
2024-09-07 19:47:48,598 - INFO - [classic_IL:_evaluate] - Validation loss after epoch 6: 0.2674639513415675
2024-09-07 19:47:48,606 - INFO - [classic_IL:train] - Epoch 7/100
2024-09-07 19:48:43,417 - INFO - [classic_IL:train] - Average training loss for epoch 7: 0.05316886322431051
2024-09-07 19:48:48,439 - INFO - [classic_IL:_evaluate] - Validation loss after epoch 7: 0.2545212656259537
2024-09-07 19:48:48,445 - INFO - [classic_IL:_evaluate] - New best model found! Validation loss improved from 0.2645369215357688 to 0.2545212656259537.
2024-09-07 19:48:48,445 - INFO - [engine:save_checkpoint] - Saving checkpoint at epoch 7: Archive/ClassicIL_ACTModel_Vanilla_20240907_194141/checkpoints/checkpoint_epoch_7.pth
2024-09-07 19:48:49,318 - INFO - [classic_IL:train] - Epoch 8/100
2024-09-07 19:49:44,309 - INFO - [classic_IL:train] - Average training loss for epoch 8: 0.0474699594549776
2024-09-07 19:49:49,323 - INFO - [classic_IL:_evaluate] - Validation loss after epoch 8: 0.26203846643047946
2024-09-07 19:49:49,330 - INFO - [classic_IL:train] - Epoch 9/100
2024-09-07 19:50:44,693 - INFO - [classic_IL:train] - Average training loss for epoch 9: 0.04707959788091227
2024-09-07 19:50:49,878 - INFO - [classic_IL:_evaluate] - Validation loss after epoch 9: 0.2620151504393547
2024-09-07 19:50:49,885 - INFO - [classic_IL:train] - Epoch 10/100
2024-09-07 19:51:45,702 - INFO - [classic_IL:train] - Average training loss for epoch 10: 0.04014780267271313
2024-09-07 19:51:50,850 - INFO - [classic_IL:_evaluate] - Validation loss after epoch 10: 0.26155377587964457
2024-09-07 19:51:50,856 - INFO - [engine:save_checkpoint] - Saving checkpoint at epoch 10: Archive/ClassicIL_ACTModel_Vanilla_20240907_194141/checkpoints/checkpoint_epoch_10.pth
2024-09-07 19:51:51,727 - INFO - [classic_IL:train] - Epoch 11/100
2024-09-07 19:52:47,542 - INFO - [classic_IL:train] - Average training loss for epoch 11: 0.038693834751296854
2024-09-07 19:52:52,659 - INFO - [classic_IL:_evaluate] - Validation loss after epoch 11: 0.25850359422545277
2024-09-07 19:52:52,667 - INFO - [classic_IL:train] - Epoch 12/100
2024-09-07 19:53:48,282 - INFO - [classic_IL:train] - Average training loss for epoch 12: 0.03663156684634723
2024-09-07 19:53:53,560 - INFO - [classic_IL:_evaluate] - Validation loss after epoch 12: 0.26298125857307064
2024-09-07 19:53:53,569 - INFO - [classic_IL:train] - Epoch 13/100
2024-09-07 19:54:49,733 - INFO - [classic_IL:train] - Average training loss for epoch 13: 0.034315502676829264
2024-09-07 19:54:54,839 - INFO - [classic_IL:_evaluate] - Validation loss after epoch 13: 0.25196595778388364
2024-09-07 19:54:54,847 - INFO - [classic_IL:_evaluate] - New best model found! Validation loss improved from 0.2545212656259537 to 0.25196595778388364.
2024-09-07 19:54:54,847 - INFO - [engine:save_checkpoint] - Saving checkpoint at epoch 13: Archive/ClassicIL_ACTModel_Vanilla_20240907_194141/checkpoints/checkpoint_epoch_13.pth
2024-09-07 19:54:55,716 - INFO - [classic_IL:train] - Epoch 14/100
2024-09-07 19:55:51,810 - INFO - [classic_IL:train] - Average training loss for epoch 14: 0.03432203887465588
2024-09-07 19:55:57,170 - INFO - [classic_IL:_evaluate] - Validation loss after epoch 14: 0.2512308859056042
2024-09-07 19:55:57,197 - INFO - [classic_IL:_evaluate] - New best model found! Validation loss improved from 0.25196595778388364 to 0.2512308859056042.
2024-09-07 19:55:57,197 - INFO - [engine:save_checkpoint] - Saving checkpoint at epoch 14: Archive/ClassicIL_ACTModel_Vanilla_20240907_194141/checkpoints/checkpoint_epoch_14.pth
2024-09-07 19:55:58,063 - INFO - [classic_IL:train] - Epoch 15/100
2024-09-07 19:56:54,027 - INFO - [classic_IL:train] - Average training loss for epoch 15: 0.030569620420691848
2024-09-07 19:56:59,371 - INFO - [classic_IL:_evaluate] - Validation loss after epoch 15: 0.26588366493102045
2024-09-07 19:56:59,379 - INFO - [classic_IL:train] - Epoch 16/100
2024-09-07 19:57:55,028 - INFO - [classic_IL:train] - Average training loss for epoch 16: 0.03173764417647064
2024-09-07 19:58:00,236 - INFO - [classic_IL:_evaluate] - Validation loss after epoch 16: 0.26030856418994164
2024-09-07 19:58:00,246 - INFO - [classic_IL:train] - Epoch 17/100
2024-09-07 19:58:55,841 - INFO - [classic_IL:train] - Average training loss for epoch 17: 0.03086912357725027
2024-09-07 19:59:01,010 - INFO - [classic_IL:_evaluate] - Validation loss after epoch 17: 0.24918714069551037
2024-09-07 19:59:01,020 - INFO - [classic_IL:_evaluate] - New best model found! Validation loss improved from 0.2512308859056042 to 0.24918714069551037.
2024-09-07 19:59:01,020 - INFO - [engine:save_checkpoint] - Saving checkpoint at epoch 17: Archive/ClassicIL_ACTModel_Vanilla_20240907_194141/checkpoints/checkpoint_epoch_17.pth
2024-09-07 19:59:01,893 - INFO - [classic_IL:train] - Epoch 18/100
2024-09-07 19:59:58,375 - INFO - [classic_IL:train] - Average training loss for epoch 18: 0.025622650012960584
2024-09-07 20:00:05,371 - INFO - [classic_IL:_evaluate] - Validation loss after epoch 18: 0.2568106877226983
2024-09-07 20:00:05,379 - INFO - [classic_IL:train] - Epoch 19/100
2024-09-07 20:01:52,500 - INFO - [classic_IL:train] - Average training loss for epoch 19: 0.02747402005777584
2024-09-07 20:02:02,988 - INFO - [classic_IL:_evaluate] - Validation loss after epoch 19: 0.2636524102380199
2024-09-07 20:02:02,997 - INFO - [classic_IL:train] - Epoch 20/100
2024-09-07 20:03:51,265 - INFO - [classic_IL:train] - Average training loss for epoch 20: 0.025877893792362664
2024-09-07 20:04:01,967 - INFO - [classic_IL:_evaluate] - Validation loss after epoch 20: 0.24869065130910567
2024-09-07 20:04:01,979 - INFO - [classic_IL:_evaluate] - New best model found! Validation loss improved from 0.24918714069551037 to 0.24869065130910567.
2024-09-07 20:04:01,979 - INFO - [engine:save_checkpoint] - Saving checkpoint at epoch 20: Archive/ClassicIL_ACTModel_Vanilla_20240907_194141/checkpoints/checkpoint_epoch_20.pth
2024-09-07 20:04:02,850 - INFO - [engine:save_checkpoint] - Saving checkpoint at epoch 20: Archive/ClassicIL_ACTModel_Vanilla_20240907_194141/checkpoints/checkpoint_epoch_20.pth
2024-09-07 20:04:07,742 - INFO - [classic_IL:train] - Epoch 21/100
2024-09-07 20:05:54,636 - INFO - [classic_IL:train] - Average training loss for epoch 21: 0.023334407611820953
2024-09-07 20:06:05,173 - INFO - [classic_IL:_evaluate] - Validation loss after epoch 21: 0.254420111256261
2024-09-07 20:06:05,183 - INFO - [classic_IL:train] - Epoch 22/100
2024-09-07 20:07:52,510 - INFO - [classic_IL:train] - Average training loss for epoch 22: 0.02166835296644861
2024-09-07 20:08:03,190 - INFO - [classic_IL:_evaluate] - Validation loss after epoch 22: 0.24483806663943875
2024-09-07 20:08:03,209 - INFO - [classic_IL:_evaluate] - New best model found! Validation loss improved from 0.24869065130910567 to 0.24483806663943875.
2024-09-07 20:08:03,209 - INFO - [engine:save_checkpoint] - Saving checkpoint at epoch 22: Archive/ClassicIL_ACTModel_Vanilla_20240907_194141/checkpoints/checkpoint_epoch_22.pth
2024-09-07 20:08:04,129 - INFO - [classic_IL:train] - Epoch 23/100
2024-09-07 20:09:51,232 - INFO - [classic_IL:train] - Average training loss for epoch 23: 0.02130453198600629
2024-09-07 20:10:01,819 - INFO - [classic_IL:_evaluate] - Validation loss after epoch 23: 0.24823476734661287
2024-09-07 20:10:01,831 - INFO - [classic_IL:train] - Epoch 24/100
2024-09-07 20:11:49,249 - INFO - [classic_IL:train] - Average training loss for epoch 24: 0.02036777621237781
2024-09-07 20:11:59,825 - INFO - [classic_IL:_evaluate] - Validation loss after epoch 24: 0.2480400449806644
2024-09-07 20:11:59,837 - INFO - [classic_IL:train] - Epoch 25/100
2024-09-07 20:13:47,034 - INFO - [classic_IL:train] - Average training loss for epoch 25: 0.019880403197441356
2024-09-07 20:13:57,757 - INFO - [classic_IL:_evaluate] - Validation loss after epoch 25: 0.25585578045537394
2024-09-07 20:13:57,769 - INFO - [classic_IL:train] - Epoch 26/100
2024-09-07 20:15:45,451 - INFO - [classic_IL:train] - Average training loss for epoch 26: 0.030131780891984778
2024-09-07 20:15:56,198 - INFO - [classic_IL:_evaluate] - Validation loss after epoch 26: 0.24908041665630956
2024-09-07 20:15:56,209 - INFO - [classic_IL:train] - Epoch 27/100
2024-09-07 20:17:43,810 - INFO - [classic_IL:train] - Average training loss for epoch 27: 0.018328302339442916
2024-09-07 20:17:54,248 - INFO - [classic_IL:_evaluate] - Validation loss after epoch 27: 0.24487329154245316
2024-09-07 20:17:54,260 - INFO - [classic_IL:train] - Epoch 28/100
2024-09-07 20:19:41,464 - INFO - [classic_IL:train] - Average training loss for epoch 28: 0.018194075321822656
2024-09-07 20:19:52,034 - INFO - [classic_IL:_evaluate] - Validation loss after epoch 28: 0.24812123275572254
2024-09-07 20:19:52,047 - INFO - [classic_IL:train] - Epoch 29/100
2024-09-07 20:21:39,394 - INFO - [classic_IL:train] - Average training loss for epoch 29: 0.01698241816965614
2024-09-07 20:21:50,314 - INFO - [classic_IL:_evaluate] - Validation loss after epoch 29: 0.25001006549404514
2024-09-07 20:21:50,329 - INFO - [classic_IL:train] - Epoch 30/100
2024-09-07 20:23:37,900 - INFO - [classic_IL:train] - Average training loss for epoch 30: 0.016319605619634386
2024-09-07 20:23:48,387 - INFO - [classic_IL:_evaluate] - Validation loss after epoch 30: 0.2437031360403184
2024-09-07 20:23:48,400 - INFO - [classic_IL:_evaluate] - New best model found! Validation loss improved from 0.24483806663943875 to 0.2437031360403184.
2024-09-07 20:23:48,400 - INFO - [engine:save_checkpoint] - Saving checkpoint at epoch 30: Archive/ClassicIL_ACTModel_Vanilla_20240907_194141/checkpoints/checkpoint_epoch_30.pth
2024-09-07 20:23:49,273 - INFO - [engine:save_checkpoint] - Saving checkpoint at epoch 30: Archive/ClassicIL_ACTModel_Vanilla_20240907_194141/checkpoints/checkpoint_epoch_30.pth
2024-09-07 20:23:56,985 - INFO - [classic_IL:train] - Epoch 31/100
2024-09-07 20:24:53,816 - INFO - [classic_IL:train] - Average training loss for epoch 31: 0.015632569144560595
2024-09-07 20:24:59,184 - INFO - [classic_IL:_evaluate] - Validation loss after epoch 31: 0.2464928670275596
2024-09-07 20:24:59,197 - INFO - [classic_IL:train] - Epoch 32/100
2024-09-07 20:25:56,477 - INFO - [classic_IL:train] - Average training loss for epoch 32: 0.018173188885326774
2024-09-07 20:26:01,799 - INFO - [classic_IL:_evaluate] - Validation loss after epoch 32: 0.2578946205396806
2024-09-07 20:26:01,812 - INFO - [classic_IL:train] - Epoch 33/100
2024-09-07 20:26:58,715 - INFO - [classic_IL:train] - Average training loss for epoch 33: 0.015853527862471076
2024-09-07 20:27:04,057 - INFO - [classic_IL:_evaluate] - Validation loss after epoch 33: 0.24657898973072728
2024-09-07 20:27:04,071 - INFO - [classic_IL:train] - Epoch 34/100
2024-09-07 20:28:06,112 - INFO - [classic_IL:train] - Average training loss for epoch 34: 0.014298719341751785
2024-09-07 20:28:12,521 - INFO - [classic_IL:_evaluate] - Validation loss after epoch 34: 0.24925811492627667
2024-09-07 20:28:12,536 - INFO - [classic_IL:train] - Epoch 35/100
2024-09-07 20:29:49,748 - INFO - [classic_IL:train] - Average training loss for epoch 35: 0.014083577390867737
2024-09-07 20:30:00,415 - INFO - [classic_IL:_evaluate] - Validation loss after epoch 35: 0.24389227696003452
2024-09-07 20:30:00,430 - INFO - [classic_IL:train] - Epoch 36/100
2024-09-07 20:31:47,394 - INFO - [classic_IL:train] - Average training loss for epoch 36: 0.022455482809679714
2024-09-07 20:31:58,008 - INFO - [classic_IL:_evaluate] - Validation loss after epoch 36: 0.26547125222221496
2024-09-07 20:31:58,025 - INFO - [classic_IL:train] - Epoch 37/100
2024-09-07 20:33:44,808 - INFO - [classic_IL:train] - Average training loss for epoch 37: 0.01844809064519374
2024-09-07 20:33:55,374 - INFO - [classic_IL:_evaluate] - Validation loss after epoch 37: 0.2526495216354247
2024-09-07 20:33:55,389 - INFO - [classic_IL:train] - Epoch 38/100
2024-09-07 20:35:41,828 - INFO - [classic_IL:train] - Average training loss for epoch 38: 0.013033715482517647
2024-09-07 20:35:52,295 - INFO - [classic_IL:_evaluate] - Validation loss after epoch 38: 0.2474371355868155
2024-09-07 20:35:52,312 - INFO - [classic_IL:train] - Epoch 39/100
2024-09-07 20:37:38,594 - INFO - [classic_IL:train] - Average training loss for epoch 39: 0.012110583921723322
2024-09-07 20:37:49,252 - INFO - [classic_IL:_evaluate] - Validation loss after epoch 39: 0.24447324775880383
2024-09-07 20:37:49,269 - INFO - [classic_IL:train] - Epoch 40/100
2024-09-07 20:39:36,168 - INFO - [classic_IL:train] - Average training loss for epoch 40: 0.01431964563445391
2024-09-07 20:39:46,628 - INFO - [classic_IL:_evaluate] - Validation loss after epoch 40: 0.2423421879929881
2024-09-07 20:39:46,644 - INFO - [classic_IL:_evaluate] - New best model found! Validation loss improved from 0.2437031360403184 to 0.2423421879929881.
2024-09-07 20:39:46,644 - INFO - [engine:save_checkpoint] - Saving checkpoint at epoch 40: Archive/ClassicIL_ACTModel_Vanilla_20240907_194141/checkpoints/checkpoint_epoch_40.pth
2024-09-07 20:39:47,510 - INFO - [engine:save_checkpoint] - Saving checkpoint at epoch 40: Archive/ClassicIL_ACTModel_Vanilla_20240907_194141/checkpoints/checkpoint_epoch_40.pth
2024-09-07 20:39:57,565 - INFO - [classic_IL:train] - Epoch 41/100
2024-09-07 20:40:53,934 - INFO - [classic_IL:train] - Average training loss for epoch 41: 0.012315466388903578
2024-09-07 20:40:59,197 - INFO - [classic_IL:_evaluate] - Validation loss after epoch 41: 0.24143620027649787
2024-09-07 20:40:59,214 - INFO - [classic_IL:_evaluate] - New best model found! Validation loss improved from 0.2423421879929881 to 0.24143620027649787.
2024-09-07 20:40:59,214 - INFO - [engine:save_checkpoint] - Saving checkpoint at epoch 41: Archive/ClassicIL_ACTModel_Vanilla_20240907_194141/checkpoints/checkpoint_epoch_41.pth
2024-09-07 20:41:00,085 - INFO - [classic_IL:train] - Epoch 42/100
2024-09-07 20:41:57,210 - INFO - [classic_IL:train] - Average training loss for epoch 42: 0.011741359828142669
2024-09-07 20:42:02,695 - INFO - [classic_IL:_evaluate] - Validation loss after epoch 42: 0.23599528929879587
2024-09-07 20:42:02,712 - INFO - [classic_IL:_evaluate] - New best model found! Validation loss improved from 0.24143620027649787 to 0.23599528929879587.
2024-09-07 20:42:02,712 - INFO - [engine:save_checkpoint] - Saving checkpoint at epoch 42: Archive/ClassicIL_ACTModel_Vanilla_20240907_194141/checkpoints/checkpoint_epoch_42.pth
2024-09-07 20:42:03,593 - INFO - [classic_IL:train] - Epoch 43/100
2024-09-07 20:43:00,861 - INFO - [classic_IL:train] - Average training loss for epoch 43: 0.011599009670806057
2024-09-07 20:43:11,258 - INFO - [classic_IL:_evaluate] - Validation loss after epoch 43: 0.24854014140944328
2024-09-07 20:43:11,273 - INFO - [classic_IL:train] - Epoch 44/100
2024-09-07 20:44:58,255 - INFO - [classic_IL:train] - Average training loss for epoch 44: 0.011737146783923227
2024-09-07 20:45:08,895 - INFO - [classic_IL:_evaluate] - Validation loss after epoch 44: 0.23935610344333033
2024-09-07 20:45:08,911 - INFO - [classic_IL:train] - Epoch 45/100
2024-09-07 20:46:55,558 - INFO - [classic_IL:train] - Average training loss for epoch 45: 0.01139007099070574
2024-09-07 20:47:05,988 - INFO - [classic_IL:_evaluate] - Validation loss after epoch 45: 0.24016896034440688
2024-09-07 20:47:06,007 - INFO - [classic_IL:train] - Epoch 46/100
2024-09-07 20:48:52,605 - INFO - [classic_IL:train] - Average training loss for epoch 46: 0.010925019243023214
2024-09-07 20:49:03,305 - INFO - [classic_IL:_evaluate] - Validation loss after epoch 46: 0.24310840618225835
2024-09-07 20:49:03,324 - INFO - [classic_IL:train] - Epoch 47/100
2024-09-07 20:50:50,269 - INFO - [classic_IL:train] - Average training loss for epoch 47: 0.011051751878552549
2024-09-07 20:51:00,926 - INFO - [classic_IL:_evaluate] - Validation loss after epoch 47: 0.2471723892996388
2024-09-07 20:51:00,945 - INFO - [classic_IL:train] - Epoch 48/100
2024-09-07 20:52:48,176 - INFO - [classic_IL:train] - Average training loss for epoch 48: 0.02287266363348235
2024-09-07 20:52:58,740 - INFO - [classic_IL:_evaluate] - Validation loss after epoch 48: 0.24419292471101206
2024-09-07 20:52:58,761 - INFO - [classic_IL:train] - Epoch 49/100
2024-09-07 20:54:45,135 - INFO - [classic_IL:train] - Average training loss for epoch 49: 0.010509270226235778
2024-09-07 20:54:55,773 - INFO - [classic_IL:_evaluate] - Validation loss after epoch 49: 0.24361501586052678
2024-09-07 20:54:55,792 - INFO - [classic_IL:train] - Epoch 50/100
2024-09-07 20:56:41,707 - INFO - [classic_IL:train] - Average training loss for epoch 50: 0.009838110293088153
2024-09-07 20:56:52,267 - INFO - [classic_IL:_evaluate] - Validation loss after epoch 50: 0.2342972712170693
2024-09-07 20:56:52,288 - INFO - [classic_IL:_evaluate] - New best model found! Validation loss improved from 0.23599528929879587 to 0.2342972712170693.
2024-09-07 20:56:52,288 - INFO - [engine:save_checkpoint] - Saving checkpoint at epoch 50: Archive/ClassicIL_ACTModel_Vanilla_20240907_194141/checkpoints/checkpoint_epoch_50.pth
2024-09-07 20:56:53,164 - INFO - [engine:save_checkpoint] - Saving checkpoint at epoch 50: Archive/ClassicIL_ACTModel_Vanilla_20240907_194141/checkpoints/checkpoint_epoch_50.pth
2024-09-07 20:56:55,812 - INFO - [classic_IL:train] - Epoch 51/100
2024-09-07 20:58:42,567 - INFO - [classic_IL:train] - Average training loss for epoch 51: 0.00931964693664331
2024-09-07 20:58:53,056 - INFO - [classic_IL:_evaluate] - Validation loss after epoch 51: 0.24522507334909133
2024-09-07 20:58:53,074 - INFO - [classic_IL:train] - Epoch 52/100
2024-09-07 21:00:39,756 - INFO - [classic_IL:train] - Average training loss for epoch 52: 0.009313179043138747
2024-09-07 21:00:50,142 - INFO - [classic_IL:_evaluate] - Validation loss after epoch 52: 0.24075893961614178
2024-09-07 21:00:50,163 - INFO - [classic_IL:train] - Epoch 53/100
2024-09-07 21:02:36,178 - INFO - [classic_IL:train] - Average training loss for epoch 53: 0.009421042497868692
2024-09-07 21:02:46,785 - INFO - [classic_IL:_evaluate] - Validation loss after epoch 53: 0.2414040296308456
2024-09-07 21:02:46,806 - INFO - [classic_IL:train] - Epoch 54/100
2024-09-07 21:04:33,455 - INFO - [classic_IL:train] - Average training loss for epoch 54: 0.008948656516467415
2024-09-07 21:04:43,987 - INFO - [classic_IL:_evaluate] - Validation loss after epoch 54: 0.24040665886094492
2024-09-07 21:04:44,008 - INFO - [classic_IL:train] - Epoch 55/100
2024-09-07 21:06:31,036 - INFO - [classic_IL:train] - Average training loss for epoch 55: 0.010444317625351543
2024-09-07 21:06:41,473 - INFO - [classic_IL:_evaluate] - Validation loss after epoch 55: 0.2511096346762873
2024-09-07 21:06:41,494 - INFO - [classic_IL:train] - Epoch 56/100
2024-09-07 21:08:27,870 - INFO - [classic_IL:train] - Average training loss for epoch 56: 0.009593162977740443
2024-09-07 21:08:38,458 - INFO - [classic_IL:_evaluate] - Validation loss after epoch 56: 0.24640519532465166
2024-09-07 21:08:38,481 - INFO - [classic_IL:train] - Epoch 57/100
2024-09-07 21:10:25,563 - INFO - [classic_IL:train] - Average training loss for epoch 57: 0.008872355214684342
2024-09-07 21:10:36,012 - INFO - [classic_IL:_evaluate] - Validation loss after epoch 57: 0.2443396612521141
2024-09-07 21:10:36,034 - INFO - [classic_IL:train] - Epoch 58/100
2024-09-07 21:12:22,317 - INFO - [classic_IL:train] - Average training loss for epoch 58: 0.008875200460149156
2024-09-07 21:12:32,762 - INFO - [classic_IL:_evaluate] - Validation loss after epoch 58: 0.244020878307281
2024-09-07 21:12:32,785 - INFO - [classic_IL:train] - Epoch 59/100
2024-09-07 21:14:19,516 - INFO - [classic_IL:train] - Average training loss for epoch 59: 0.00834032099478905
2024-09-07 21:14:30,162 - INFO - [classic_IL:_evaluate] - Validation loss after epoch 59: 0.24232213583684736
2024-09-07 21:14:30,183 - INFO - [classic_IL:train] - Epoch 60/100
2024-09-07 21:16:16,947 - INFO - [classic_IL:train] - Average training loss for epoch 60: 0.008615179396823557
2024-09-07 21:16:27,442 - INFO - [classic_IL:_evaluate] - Validation loss after epoch 60: 0.24404371938397806
2024-09-07 21:16:27,467 - INFO - [engine:save_checkpoint] - Saving checkpoint at epoch 60: Archive/ClassicIL_ACTModel_Vanilla_20240907_194141/checkpoints/checkpoint_epoch_60.pth
2024-09-07 21:16:28,341 - INFO - [classic_IL:train] - Epoch 61/100
2024-09-07 21:18:14,806 - INFO - [classic_IL:train] - Average training loss for epoch 61: 0.00820393207192108
2024-09-07 21:18:25,460 - INFO - [classic_IL:_evaluate] - Validation loss after epoch 61: 0.24436855412298633
2024-09-07 21:18:25,483 - INFO - [classic_IL:train] - Epoch 62/100
2024-09-07 21:20:12,583 - INFO - [classic_IL:train] - Average training loss for epoch 62: 0.008405916655577935
2024-09-07 21:20:23,295 - INFO - [classic_IL:_evaluate] - Validation loss after epoch 62: 0.24699449611286964
2024-09-07 21:20:23,317 - INFO - [classic_IL:train] - Epoch 63/100
2024-09-07 21:22:09,755 - INFO - [classic_IL:train] - Average training loss for epoch 63: 0.008003329556298459
2024-09-07 21:22:20,436 - INFO - [classic_IL:_evaluate] - Validation loss after epoch 63: 0.24447399041345041
2024-09-07 21:22:20,458 - INFO - [classic_IL:train] - Epoch 64/100
2024-09-07 21:24:07,487 - INFO - [classic_IL:train] - Average training loss for epoch 64: 0.008017640054871248
2024-09-07 21:24:18,217 - INFO - [classic_IL:_evaluate] - Validation loss after epoch 64: 0.2454358358536997
2024-09-07 21:24:18,242 - INFO - [classic_IL:train] - Epoch 65/100
2024-09-07 21:26:04,828 - INFO - [classic_IL:train] - Average training loss for epoch 65: 0.0076484298419080225
2024-09-07 21:26:15,255 - INFO - [classic_IL:_evaluate] - Validation loss after epoch 65: 0.25357476549763835
2024-09-07 21:26:15,280 - INFO - [classic_IL:train] - Epoch 66/100
2024-09-07 21:28:01,645 - INFO - [classic_IL:train] - Average training loss for epoch 66: 0.007638346379393042
2024-09-07 21:28:12,278 - INFO - [classic_IL:_evaluate] - Validation loss after epoch 66: 0.2450255415131969
2024-09-07 21:28:12,304 - INFO - [classic_IL:train] - Epoch 67/100
2024-09-07 21:29:59,058 - INFO - [classic_IL:train] - Average training loss for epoch 67: 0.007515883233319978
2024-09-07 21:30:09,578 - INFO - [classic_IL:_evaluate] - Validation loss after epoch 67: 0.25208792835474014
2024-09-07 21:30:09,604 - INFO - [classic_IL:train] - Epoch 68/100
2024-09-07 21:31:56,407 - INFO - [classic_IL:train] - Average training loss for epoch 68: 0.007393199949234411
2024-09-07 21:32:06,861 - INFO - [classic_IL:_evaluate] - Validation loss after epoch 68: 0.248303858022536
2024-09-07 21:32:06,888 - INFO - [classic_IL:train] - Epoch 69/100
2024-09-07 21:33:53,065 - INFO - [classic_IL:train] - Average training loss for epoch 69: 0.0071139079335284985
2024-09-07 21:34:03,762 - INFO - [classic_IL:_evaluate] - Validation loss after epoch 69: 0.24605111970055488
2024-09-07 21:34:03,788 - INFO - [classic_IL:train] - Epoch 70/100
2024-09-07 21:35:50,962 - INFO - [classic_IL:train] - Average training loss for epoch 70: 0.0071840368411711505
2024-09-07 21:36:01,756 - INFO - [classic_IL:_evaluate] - Validation loss after epoch 70: 0.253159515319332
2024-09-07 21:36:01,784 - INFO - [engine:save_checkpoint] - Saving checkpoint at epoch 70: Archive/ClassicIL_ACTModel_Vanilla_20240907_194141/checkpoints/checkpoint_epoch_70.pth
2024-09-07 21:36:02,653 - INFO - [classic_IL:train] - Epoch 71/100
2024-09-07 21:37:48,627 - INFO - [classic_IL:train] - Average training loss for epoch 71: 0.00678596396996515
2024-09-07 21:37:59,199 - INFO - [classic_IL:_evaluate] - Validation loss after epoch 71: 0.24655789761774002
2024-09-07 21:37:59,227 - INFO - [classic_IL:train] - Epoch 72/100
2024-09-07 21:39:45,498 - INFO - [classic_IL:train] - Average training loss for epoch 72: 0.02220616541837105
2024-09-07 21:39:56,079 - INFO - [classic_IL:_evaluate] - Validation loss after epoch 72: 0.25081940115459506
2024-09-07 21:39:56,104 - INFO - [classic_IL:train] - Epoch 73/100
2024-09-07 21:41:42,218 - INFO - [classic_IL:train] - Average training loss for epoch 73: 0.007873193798415617
2024-09-07 21:41:52,841 - INFO - [classic_IL:_evaluate] - Validation loss after epoch 73: 0.24599194622808887
2024-09-07 21:41:52,868 - INFO - [classic_IL:train] - Epoch 74/100
2024-09-07 21:43:39,035 - INFO - [classic_IL:train] - Average training loss for epoch 74: 0.006374688711496476
2024-09-07 21:43:49,739 - INFO - [classic_IL:_evaluate] - Validation loss after epoch 74: 0.24702923240200167
2024-09-07 21:43:49,767 - INFO - [classic_IL:train] - Epoch 75/100
2024-09-07 21:45:37,126 - INFO - [classic_IL:train] - Average training loss for epoch 75: 0.005642674060347747
2024-09-07 21:45:47,850 - INFO - [classic_IL:_evaluate] - Validation loss after epoch 75: 0.2463430195085464
2024-09-07 21:45:47,879 - INFO - [classic_IL:train] - Epoch 76/100
2024-09-07 21:47:35,333 - INFO - [classic_IL:train] - Average training loss for epoch 76: 0.00550929610336351
2024-09-07 21:47:46,019 - INFO - [classic_IL:_evaluate] - Validation loss after epoch 76: 0.24634433081073145
2024-09-07 21:47:46,046 - INFO - [classic_IL:train] - Epoch 77/100
2024-09-07 21:49:32,792 - INFO - [classic_IL:train] - Average training loss for epoch 77: 0.005583692767371343
2024-09-07 21:49:43,295 - INFO - [classic_IL:_evaluate] - Validation loss after epoch 77: 0.24783079614562373
2024-09-07 21:49:43,324 - INFO - [classic_IL:train] - Epoch 78/100
2024-09-07 21:51:29,054 - INFO - [classic_IL:train] - Average training loss for epoch 78: 0.0054910126486866495
2024-09-07 21:51:39,657 - INFO - [classic_IL:_evaluate] - Validation loss after epoch 78: 0.24635149586585262
2024-09-07 21:51:39,687 - INFO - [classic_IL:train] - Epoch 79/100
2024-09-07 21:53:25,675 - INFO - [classic_IL:train] - Average training loss for epoch 79: 0.0057033829756442875
2024-09-07 21:53:36,024 - INFO - [classic_IL:_evaluate] - Validation loss after epoch 79: 0.24989511409113485
2024-09-07 21:53:36,052 - INFO - [classic_IL:train] - Epoch 80/100
2024-09-07 21:55:23,057 - INFO - [classic_IL:train] - Average training loss for epoch 80: 0.005682243239574545
2024-09-07 21:55:33,545 - INFO - [classic_IL:_evaluate] - Validation loss after epoch 80: 0.24454179886848695
2024-09-07 21:55:33,575 - INFO - [engine:save_checkpoint] - Saving checkpoint at epoch 80: Archive/ClassicIL_ACTModel_Vanilla_20240907_194141/checkpoints/checkpoint_epoch_80.pth
2024-09-07 21:55:34,450 - INFO - [classic_IL:train] - Epoch 81/100
2024-09-07 21:57:21,009 - INFO - [classic_IL:train] - Average training loss for epoch 81: 0.005714198227316689
2024-09-07 21:57:31,475 - INFO - [classic_IL:_evaluate] - Validation loss after epoch 81: 0.2503584834837144
2024-09-07 21:57:31,506 - INFO - [classic_IL:train] - Epoch 82/100
2024-09-07 21:59:17,634 - INFO - [classic_IL:train] - Average training loss for epoch 82: 0.00573885696023468
2024-09-07 21:59:28,140 - INFO - [classic_IL:_evaluate] - Validation loss after epoch 82: 0.244052148153705
2024-09-07 21:59:28,169 - INFO - [classic_IL:train] - Epoch 83/100
2024-09-07 22:01:15,058 - INFO - [classic_IL:train] - Average training loss for epoch 83: 0.005784562153355499
2024-09-07 22:01:25,521 - INFO - [classic_IL:_evaluate] - Validation loss after epoch 83: 0.25122905354346
2024-09-07 22:01:25,550 - INFO - [classic_IL:train] - Epoch 84/100
2024-09-07 22:03:11,453 - INFO - [classic_IL:train] - Average training loss for epoch 84: 0.023491167772580868
2024-09-07 22:03:21,901 - INFO - [classic_IL:_evaluate] - Validation loss after epoch 84: 0.2476496071584763
2024-09-07 22:03:21,932 - INFO - [classic_IL:train] - Epoch 85/100
2024-09-07 22:05:08,967 - INFO - [classic_IL:train] - Average training loss for epoch 85: 0.007371359134430256
2024-09-07 22:05:19,761 - INFO - [classic_IL:_evaluate] - Validation loss after epoch 85: 0.2473840723114629
2024-09-07 22:05:19,812 - INFO - [classic_IL:train] - Epoch 86/100
2024-09-07 22:07:05,947 - INFO - [classic_IL:train] - Average training loss for epoch 86: 0.005655139541678776
2024-09-07 22:07:16,416 - INFO - [classic_IL:_evaluate] - Validation loss after epoch 86: 0.24926530113143305
2024-09-07 22:07:16,449 - INFO - [classic_IL:train] - Epoch 87/100
2024-09-07 22:09:02,838 - INFO - [classic_IL:train] - Average training loss for epoch 87: 0.005206660894320158
2024-09-07 22:09:13,401 - INFO - [classic_IL:_evaluate] - Validation loss after epoch 87: 0.24979075404905504
2024-09-07 22:09:13,434 - INFO - [classic_IL:train] - Epoch 88/100
2024-09-07 22:10:59,030 - INFO - [classic_IL:train] - Average training loss for epoch 88: 0.005153217677422982
2024-09-07 22:11:09,468 - INFO - [classic_IL:_evaluate] - Validation loss after epoch 88: 0.2503288104649513
2024-09-07 22:11:09,503 - INFO - [classic_IL:train] - Epoch 89/100
2024-09-07 22:12:55,837 - INFO - [classic_IL:train] - Average training loss for epoch 89: 0.005032020141896144
2024-09-07 22:13:06,591 - INFO - [classic_IL:_evaluate] - Validation loss after epoch 89: 0.2532047586094949
2024-09-07 22:13:06,624 - INFO - [classic_IL:train] - Epoch 90/100
2024-09-07 22:14:54,063 - INFO - [classic_IL:train] - Average training loss for epoch 90: 0.0049342414904434695
2024-09-07 22:15:04,837 - INFO - [classic_IL:_evaluate] - Validation loss after epoch 90: 0.24707620134276728
2024-09-07 22:15:04,871 - INFO - [engine:save_checkpoint] - Saving checkpoint at epoch 90: Archive/ClassicIL_ACTModel_Vanilla_20240907_194141/checkpoints/checkpoint_epoch_90.pth
2024-09-07 22:15:05,775 - INFO - [classic_IL:train] - Epoch 91/100
2024-09-07 22:16:52,557 - INFO - [classic_IL:train] - Average training loss for epoch 91: 0.005034296728763485
2024-09-07 22:17:03,292 - INFO - [classic_IL:_evaluate] - Validation loss after epoch 91: 0.2478100715144988
2024-09-07 22:17:03,326 - INFO - [classic_IL:train] - Epoch 92/100
2024-09-07 22:18:49,941 - INFO - [classic_IL:train] - Average training loss for epoch 92: 0.005199289138201536
2024-09-07 22:19:00,489 - INFO - [classic_IL:_evaluate] - Validation loss after epoch 92: 0.26636729990282365
2024-09-07 22:19:00,521 - INFO - [classic_IL:train] - Epoch 93/100
2024-09-07 22:20:47,445 - INFO - [classic_IL:train] - Average training loss for epoch 93: 0.020756894138365435
2024-09-07 22:20:57,872 - INFO - [classic_IL:_evaluate] - Validation loss after epoch 93: 0.2544319084094417
2024-09-07 22:20:57,906 - INFO - [classic_IL:train] - Epoch 94/100
2024-09-07 22:22:44,057 - INFO - [classic_IL:train] - Average training loss for epoch 94: 0.006159113834946956
2024-09-07 22:22:54,596 - INFO - [classic_IL:_evaluate] - Validation loss after epoch 94: 0.2519245142898252
2024-09-07 22:22:54,630 - INFO - [classic_IL:train] - Epoch 95/100
2024-09-07 22:24:41,231 - INFO - [classic_IL:train] - Average training loss for epoch 95: 0.005030761775377346
2024-09-07 22:24:51,920 - INFO - [classic_IL:_evaluate] - Validation loss after epoch 95: 0.2522323958335384
2024-09-07 22:24:51,958 - INFO - [classic_IL:train] - Epoch 96/100
2024-09-07 22:26:38,732 - INFO - [classic_IL:train] - Average training loss for epoch 96: 0.0048889534418370935
2024-09-07 22:26:49,457 - INFO - [classic_IL:_evaluate] - Validation loss after epoch 96: 0.25003236291869996
2024-09-07 22:26:49,493 - INFO - [classic_IL:train] - Epoch 97/100
2024-09-07 22:28:35,928 - INFO - [classic_IL:train] - Average training loss for epoch 97: 0.004804043016785125
2024-09-07 22:28:46,481 - INFO - [classic_IL:_evaluate] - Validation loss after epoch 97: 0.2563556360621606
2024-09-07 22:28:46,517 - INFO - [classic_IL:train] - Epoch 98/100
2024-09-07 22:30:33,844 - INFO - [classic_IL:train] - Average training loss for epoch 98: 0.004675909301774513
2024-09-07 22:30:44,479 - INFO - [classic_IL:_evaluate] - Validation loss after epoch 98: 0.256020137859929
2024-09-07 22:30:44,516 - INFO - [classic_IL:train] - Epoch 99/100
2024-09-07 22:32:31,119 - INFO - [classic_IL:train] - Average training loss for epoch 99: 0.004712948655670513
2024-09-07 22:32:41,630 - INFO - [classic_IL:_evaluate] - Validation loss after epoch 99: 0.25371698794826386
2024-09-07 22:32:41,667 - INFO - [classic_IL:train] - Epoch 100/100
2024-09-07 22:34:28,551 - INFO - [classic_IL:train] - Average training loss for epoch 100: 0.0047998651489371
2024-09-07 22:34:38,960 - INFO - [classic_IL:_evaluate] - Validation loss after epoch 100: 0.25464069987497023
2024-09-07 22:34:38,996 - INFO - [engine:save_checkpoint] - Saving checkpoint at epoch 100: Archive/ClassicIL_ACTModel_Vanilla_20240907_194141/checkpoints/checkpoint_epoch_100.pth
